This is pdfTeX, Version 3.1415926-2.4-1.40.13 (MiKTeX 2.9) (preloaded format=pdflatex 2015.9.30)  9 OCT 2015 11:35
entering extended mode
**homework2.tex
(C:\Users\liangy11\Documents\homework2\homework2\homework2.tex
LaTeX2e <2011/06/27>
Babel <v3.8m> and hyphenation patterns for english, afrikaans, ancientgreek, ar
abic, armenian, assamese, basque, bengali, bokmal, bulgarian, catalan, coptic, 
croatian, czech, danish, dutch, esperanto, estonian, farsi, finnish, french, ga
lician, german, german-x-2012-05-30, greek, gujarati, hindi, hungarian, iceland
ic, indonesian, interlingua, irish, italian, kannada, kurmanji, latin, latvian,
 lithuanian, malayalam, marathi, mongolian, mongolianlmc, monogreek, ngerman, n
german-x-2012-05-30, nynorsk, oriya, panjabi, pinyin, polish, portuguese, roman
ian, russian, sanskrit, serbian, slovak, slovenian, spanish, swedish, swissgerm
an, tamil, telugu, turkish, turkmen, ukenglish, ukrainian, uppersorbian, usengl
ishmax, welsh, loaded.
("C:\Program Files (x86)\MiKTeX 2.9\tex\latex\base\article.cls"
Document Class: article 2007/10/19 v1.4h Standard LaTeX document class
("C:\Program Files (x86)\MiKTeX 2.9\tex\latex\base\size10.clo"
File: size10.clo 2007/10/19 v1.4h Standard LaTeX file (size option)
)
\c@part=\count79
\c@section=\count80
\c@subsection=\count81
\c@subsubsection=\count82
\c@paragraph=\count83
\c@subparagraph=\count84
\c@figure=\count85
\c@table=\count86
\abovecaptionskip=\skip41
\belowcaptionskip=\skip42
\bibindent=\dimen102
)
("C:\Program Files (x86)\MiKTeX 2.9\tex\latex\amsmath\amsmath.sty"
Package: amsmath 2013/01/14 v2.14 AMS math features
\@mathmargin=\skip43

For additional information on amsmath, use the `?' option.
("C:\Program Files (x86)\MiKTeX 2.9\tex\latex\amsmath\amstext.sty"
Package: amstext 2000/06/29 v2.01

("C:\Program Files (x86)\MiKTeX 2.9\tex\latex\amsmath\amsgen.sty"
File: amsgen.sty 1999/11/30 v2.0
\@emptytoks=\toks14
\ex@=\dimen103
))
("C:\Program Files (x86)\MiKTeX 2.9\tex\latex\amsmath\amsbsy.sty"
Package: amsbsy 1999/11/29 v1.2d
\pmbraise@=\dimen104
)
("C:\Program Files (x86)\MiKTeX 2.9\tex\latex\amsmath\amsopn.sty"
Package: amsopn 1999/12/14 v2.01 operator names
)
\inf@bad=\count87
LaTeX Info: Redefining \frac on input line 210.
\uproot@=\count88
\leftroot@=\count89
LaTeX Info: Redefining \overline on input line 306.
\classnum@=\count90
\DOTSCASE@=\count91
LaTeX Info: Redefining \ldots on input line 378.
LaTeX Info: Redefining \dots on input line 381.
LaTeX Info: Redefining \cdots on input line 466.
\Mathstrutbox@=\box26
\strutbox@=\box27
\big@size=\dimen105
LaTeX Font Info:    Redeclaring font encoding OML on input line 566.
LaTeX Font Info:    Redeclaring font encoding OMS on input line 567.
\macc@depth=\count92
\c@MaxMatrixCols=\count93
\dotsspace@=\muskip10
\c@parentequation=\count94
\dspbrk@lvl=\count95
\tag@help=\toks15
\row@=\count96
\column@=\count97
\maxfields@=\count98
\andhelp@=\toks16
\eqnshift@=\dimen106
\alignsep@=\dimen107
\tagshift@=\dimen108
\tagwidth@=\dimen109
\totwidth@=\dimen110
\lineht@=\dimen111
\@envbody=\toks17
\multlinegap=\skip44
\multlinetaggap=\skip45
\mathdisplay@stack=\toks18
LaTeX Info: Redefining \[ on input line 2665.
LaTeX Info: Redefining \] on input line 2666.
)
("C:\Program Files (x86)\MiKTeX 2.9\tex\latex\subfigure\subfigure.sty"
Package: subfigure 2002/07/30 v2.1.4 subfigure package
\subfigtopskip=\skip46
\subfigcapskip=\skip47
\subfigcaptopadj=\dimen112
\subfigbottomskip=\skip48
\subfigcapmargin=\dimen113
\subfiglabelskip=\skip49
\c@subfigure=\count99
\c@lofdepth=\count100
\c@subtable=\count101
\c@lotdepth=\count102

****************************************
* Local config file subfigure.cfg used *
****************************************
("C:\Program Files (x86)\MiKTeX 2.9\tex\latex\subfigure\subfigure.cfg")
\subfig@top=\skip50
\subfig@bottom=\skip51
)
("C:\Program Files (x86)\MiKTeX 2.9\tex\latex\graphics\graphicx.sty"
Package: graphicx 1999/02/16 v1.0f Enhanced LaTeX Graphics (DPC,SPQR)

("C:\Program Files (x86)\MiKTeX 2.9\tex\latex\graphics\keyval.sty"
Package: keyval 1999/03/16 v1.13 key=value parser (DPC)
\KV@toks@=\toks19
)
("C:\Program Files (x86)\MiKTeX 2.9\tex\latex\graphics\graphics.sty"
Package: graphics 2009/02/05 v1.0o Standard LaTeX Graphics (DPC,SPQR)

("C:\Program Files (x86)\MiKTeX 2.9\tex\latex\graphics\trig.sty"
Package: trig 1999/03/16 v1.09 sin cos tan (DPC)
)
("C:\Program Files (x86)\MiKTeX 2.9\tex\latex\00miktex\graphics.cfg"
File: graphics.cfg 2007/01/18 v1.5 graphics configuration of teTeX/TeXLive
)
Package graphics Info: Driver file: pdftex.def on input line 91.

("C:\Program Files (x86)\MiKTeX 2.9\tex\latex\pdftex-def\pdftex.def"
File: pdftex.def 2011/05/27 v0.06d Graphics/color for pdfTeX

("C:\Program Files (x86)\MiKTeX 2.9\tex\generic\oberdiek\infwarerr.sty"
Package: infwarerr 2010/04/08 v1.3 Providing info/warning/error messages (HO)
)
("C:\Program Files (x86)\MiKTeX 2.9\tex\generic\oberdiek\ltxcmds.sty"
Package: ltxcmds 2011/11/09 v1.22 LaTeX kernel commands for general use (HO)
)
\Gread@gobject=\count103
))
\Gin@req@height=\dimen114
\Gin@req@width=\dimen115
)
("C:\Program Files (x86)\MiKTeX 2.9\tex\latex\oberdiek\epstopdf.sty"
Package: epstopdf 2010/02/09 v2.5 Conversion with epstopdf on the fly (HO)

("C:\Program Files (x86)\MiKTeX 2.9\tex\latex\oberdiek\epstopdf-base.sty"
Package: epstopdf-base 2010/02/09 v2.5 Base part for package epstopdf

("C:\Program Files (x86)\MiKTeX 2.9\tex\latex\oberdiek\grfext.sty"
Package: grfext 2010/08/19 v1.1 Manage graphics extensions (HO)

("C:\Program Files (x86)\MiKTeX 2.9\tex\generic\oberdiek\kvdefinekeys.sty"
Package: kvdefinekeys 2011/04/07 v1.3 Define keys (HO)
))
("C:\Program Files (x86)\MiKTeX 2.9\tex\latex\oberdiek\kvoptions.sty"
Package: kvoptions 2011/06/30 v3.11 Key value format for package options (HO)

("C:\Program Files (x86)\MiKTeX 2.9\tex\generic\oberdiek\kvsetkeys.sty"
Package: kvsetkeys 2012/04/25 v1.16 Key value parser (HO)

("C:\Program Files (x86)\MiKTeX 2.9\tex\generic\oberdiek\etexcmds.sty"
Package: etexcmds 2011/02/16 v1.5 Avoid name clashes with e-TeX commands (HO)

("C:\Program Files (x86)\MiKTeX 2.9\tex\generic\oberdiek\ifluatex.sty"
Package: ifluatex 2010/03/01 v1.3 Provides the ifluatex switch (HO)
Package ifluatex Info: LuaTeX not detected.
)
Package etexcmds Info: Could not find \expanded.
(etexcmds)             That can mean that you are not using pdfTeX 1.50 or
(etexcmds)             that some package has redefined \expanded.
(etexcmds)             In the latter case, load this package earlier.
)))
("C:\Program Files (x86)\MiKTeX 2.9\tex\generic\oberdiek\pdftexcmds.sty"
Package: pdftexcmds 2011/11/29 v0.20 Utility functions of pdfTeX for LuaTeX (HO
)

("C:\Program Files (x86)\MiKTeX 2.9\tex\generic\oberdiek\ifpdf.sty"
Package: ifpdf 2011/01/30 v2.3 Provides the ifpdf switch (HO)
Package ifpdf Info: pdfTeX in PDF mode is detected.
)
Package pdftexcmds Info: LuaTeX not detected.
Package pdftexcmds Info: \pdf@primitive is available.
Package pdftexcmds Info: \pdf@ifprimitive is available.
Package pdftexcmds Info: \pdfdraftmode found.
)
Package grfext Info: Graphics extension search list:
(grfext)             [.png,.pdf,.jpg,.mps,.jpeg,.jbig2,.jb2,.PNG,.PDF,.JPG,.JPE
G,.JBIG2,.JB2,.eps]
(grfext)             \AppendGraphicsExtensions on input line 452.
))
("C:\Program Files (x86)\MiKTeX 2.9\tex\latex\caption\caption.sty"
Package: caption 2015/09/17 v3.3-111 Customizing captions (AR)

("C:\Program Files (x86)\MiKTeX 2.9\tex\latex\caption\caption3.sty"
Package: caption3 2015/09/20 v1.7-115 caption3 kernel (AR)
Package caption3 Info: TeX engine: e-TeX on input line 57.
\captionmargin=\dimen116
\captionmargin@=\dimen117
\captionwidth=\dimen118
\caption@tempdima=\dimen119
\caption@indent=\dimen120
\caption@parindent=\dimen121
\caption@hangindent=\dimen122
)
\c@ContinuedFloat=\count104
Package caption Info: subfigure package is loaded.
)
("C:\Program Files (x86)\MiKTeX 2.9\tex\latex\multirow\multirow.sty"
\bigstrutjot=\dimen123
)
("C:\Program Files (x86)\MiKTeX 2.9\tex\latex\multirow\bigstrut.sty")
("C:\Program Files (x86)\MiKTeX 2.9\tex\latex\geometry\geometry.sty"
Package: geometry 2010/09/12 v5.6 Page Geometry

("C:\Program Files (x86)\MiKTeX 2.9\tex\generic\oberdiek\ifvtex.sty"
Package: ifvtex 2010/03/01 v1.5 Detect VTeX and its facilities (HO)
Package ifvtex Info: VTeX not detected.
)
("C:\Program Files (x86)\MiKTeX 2.9\tex\generic\ifxetex\ifxetex.sty"
Package: ifxetex 2010/09/12 v0.6 Provides ifxetex conditional
)
\Gm@cnth=\count105
\Gm@cntv=\count106
\c@Gm@tempcnt=\count107
\Gm@bindingoffset=\dimen124
\Gm@wd@mp=\dimen125
\Gm@odd@mp=\dimen126
\Gm@even@mp=\dimen127
\Gm@layoutwidth=\dimen128
\Gm@layoutheight=\dimen129
\Gm@layouthoffset=\dimen130
\Gm@layoutvoffset=\dimen131
\Gm@dimlist=\toks20

("C:\Program Files (x86)\MiKTeX 2.9\tex\latex\geometry\geometry.cfg"))
(C:\Users\liangy11\Documents\homework2\homework2\homework2.aux)
LaTeX Font Info:    Checking defaults for OML/cmm/m/it on input line 10.
LaTeX Font Info:    ... okay on input line 10.
LaTeX Font Info:    Checking defaults for T1/cmr/m/n on input line 10.
LaTeX Font Info:    ... okay on input line 10.
LaTeX Font Info:    Checking defaults for OT1/cmr/m/n on input line 10.
LaTeX Font Info:    ... okay on input line 10.
LaTeX Font Info:    Checking defaults for OMS/cmsy/m/n on input line 10.
LaTeX Font Info:    ... okay on input line 10.
LaTeX Font Info:    Checking defaults for OMX/cmex/m/n on input line 10.
LaTeX Font Info:    ... okay on input line 10.
LaTeX Font Info:    Checking defaults for U/cmr/m/n on input line 10.
LaTeX Font Info:    ... okay on input line 10.

("C:\Program Files (x86)\MiKTeX 2.9\tex\context\base\supp-pdf.mkii"
[Loading MPS to PDF converter (version 2006.09.02).]
\scratchcounter=\count108
\scratchdimen=\dimen132
\scratchbox=\box28
\nofMPsegments=\count109
\nofMParguments=\count110
\everyMPshowfont=\toks21
\MPscratchCnt=\count111
\MPscratchDim=\dimen133
\MPnumerator=\count112
\makeMPintoPDFobject=\count113
\everyMPtoPDFconversion=\toks22
)
Package caption Info: Begin \AtBeginDocument code.
Package caption Info: End \AtBeginDocument code.

*geometry* driver: auto-detecting
*geometry* detected driver: pdftex
*geometry* verbose mode - [ preamble ] result:
* driver: pdftex
* paper: a4paper
* layout: <same size as paper>
* layoutoffset:(h,v)=(0.0pt,0.0pt)
* modes: 
* h-part:(L,W,R)=(89.62709pt, 418.25368pt, 89.6271pt)
* v-part:(T,H,B)=(56.9055pt, 686.7347pt, 101.40665pt)
* \paperwidth=597.50787pt
* \paperheight=845.04684pt
* \textwidth=418.25368pt
* \textheight=686.7347pt
* \oddsidemargin=17.3571pt
* \evensidemargin=17.3571pt
* \topmargin=-52.36449pt
* \headheight=12.0pt
* \headsep=25.0pt
* \topskip=10.0pt
* \footskip=30.0pt
* \marginparwidth=57.0pt
* \marginparsep=11.0pt
* \columnsep=10.0pt
* \skip\footins=9.0pt plus 4.0pt minus 2.0pt
* \hoffset=0.0pt
* \voffset=0.0pt
* \mag=1000
* \@twocolumnfalse
* \@twosidefalse
* \@mparswitchfalse
* \@reversemarginfalse
* (1in=72.27pt=25.4mm, 1cm=28.453pt)

Package epstopdf Info: Source file: <program/1/figure/Hw2-2B.eps>
(epstopdf)                    date: 2015-10-08 21:45:03
(epstopdf)                    size: 10009 bytes
(epstopdf)             Output file: <program/1/figure/Hw2-2B-eps-converted-to.p
df>
(epstopdf)                    date: 2015-10-08 21:56:34
(epstopdf)                    size: 5406 bytes
(epstopdf)             Command: <epstopdf --outfile=program/1/figure/Hw2-2B-eps
-converted-to.pdf program/1/figure/Hw2-2B.eps>
(epstopdf)             \includegraphics on input line 34.
Package epstopdf Info: Output file is already uptodate.
<program/1/figure/Hw2-2B-eps-converted-to.pdf, id=1, 134.5025pt x 96.36pt>
File: program/1/figure/Hw2-2B-eps-converted-to.pdf Graphic file (type pdf)

<use program/1/figure/Hw2-2B-eps-converted-to.pdf>
Package pdftex.def Info: program/1/figure/Hw2-2B-eps-converted-to.pdf used on i
nput line 34.
(pdftex.def)             Requested size: 134.50215pt x 96.35974pt.
Package epstopdf Info: Source file: <program/1/figure/Hw2-2B-threshold.eps>
(epstopdf)                    date: 2015-10-08 21:45:15
(epstopdf)                    size: 9812 bytes
(epstopdf)             Output file: <program/1/figure/Hw2-2B-threshold-eps-conv
erted-to.pdf>
(epstopdf)                    date: 2015-10-08 21:56:35
(epstopdf)                    size: 5201 bytes
(epstopdf)             Command: <epstopdf --outfile=program/1/figure/Hw2-2B-thr
eshold-eps-converted-to.pdf program/1/figure/Hw2-2B-threshold.eps>
(epstopdf)             \includegraphics on input line 40.
Package epstopdf Info: Output file is already uptodate.

<program/1/figure/Hw2-2B-threshold-eps-converted-to.pdf, id=2, 134.5025pt x 96.
36pt>
File: program/1/figure/Hw2-2B-threshold-eps-converted-to.pdf Graphic file (type
 pdf)
 <use program/1/figure/Hw2-2B-threshold-eps-converted-to.pdf>
Package pdftex.def Info: program/1/figure/Hw2-2B-threshold-eps-converted-to.pdf
 used on input line 40.
(pdftex.def)             Requested size: 134.50215pt x 96.35974pt.

Overfull \hbox (2.2222pt too wide) in paragraph at lines 31--44
[]$[]$ $[]$ 
 []

Package epstopdf Info: Source file: <program/1/figure/Hw2-3A.eps>
(epstopdf)                    date: 2015-10-06 22:29:32
(epstopdf)                    size: 34979 bytes
(epstopdf)             Output file: <program/1/figure/Hw2-3A-eps-converted-to.p
df>
(epstopdf)                    date: 2015-10-06 23:34:22
(epstopdf)                    size: 18920 bytes
(epstopdf)             Command: <epstopdf --outfile=program/1/figure/Hw2-3A-eps
-converted-to.pdf program/1/figure/Hw2-3A.eps>
(epstopdf)             \includegraphics on input line 52.
Package epstopdf Info: Output file is already uptodate.
<program/1/figure/Hw2-3A-eps-converted-to.pdf, id=3, 232.87pt x 172.645pt>
File: program/1/figure/Hw2-3A-eps-converted-to.pdf Graphic file (type pdf)

<use program/1/figure/Hw2-3A-eps-converted-to.pdf>
Package pdftex.def Info: program/1/figure/Hw2-3A-eps-converted-to.pdf used on i
nput line 52.
(pdftex.def)             Requested size: 232.86942pt x 172.64456pt.

Overfull \hbox (23.74258pt too wide) in paragraph at lines 52--53
 [][] 
 []

Package epstopdf Info: Source file: <program/1/figure/Hw2-3A-threshold.eps>
(epstopdf)                    date: 2015-10-08 21:39:38
(epstopdf)                    size: 11166 bytes
(epstopdf)             Output file: <program/1/figure/Hw2-3A-threshold-eps-conv
erted-to.pdf>
(epstopdf)                    date: 2015-10-08 21:43:03
(epstopdf)                    size: 5782 bytes
(epstopdf)             Command: <epstopdf --outfile=program/1/figure/Hw2-3A-thr
eshold-eps-converted-to.pdf program/1/figure/Hw2-3A-threshold.eps>
(epstopdf)             \includegraphics on input line 58.
Package epstopdf Info: Output file is already uptodate.

<program/1/figure/Hw2-3A-threshold-eps-converted-to.pdf, id=4, 232.87pt x 172.6
45pt>
File: program/1/figure/Hw2-3A-threshold-eps-converted-to.pdf Graphic file (type
 pdf)
 <use program/1/figure/Hw2-3A-threshold-eps-converted-to.pdf>
Package pdftex.def Info: program/1/figure/Hw2-3A-threshold-eps-converted-to.pdf
 used on input line 58.
(pdftex.def)             Requested size: 232.86942pt x 172.64456pt.

Overfull \hbox (23.74258pt too wide) in paragraph at lines 58--59
 [][] 
 []


Overfull \hbox (2.2222pt too wide) in paragraph at lines 49--62
[]$[]$ $[]$ 
 []


LaTeX Warning: `h' float specifier changed to `ht'.

Package epstopdf Info: Source file: <program/1/figure/my.eps>
(epstopdf)                    date: 2015-10-08 23:12:33
(epstopdf)                    size: 71207 bytes
(epstopdf)             Output file: <program/1/figure/my-eps-converted-to.pdf>
(epstopdf)                    date: 2015-10-08 23:19:39
(epstopdf)                    size: 38669 bytes
(epstopdf)             Command: <epstopdf --outfile=program/1/figure/my-eps-con
verted-to.pdf program/1/figure/my.eps>
(epstopdf)             \includegraphics on input line 70.
Package epstopdf Info: Output file is already uptodate.
<program/1/figure/my-eps-converted-to.pdf, id=5, 274.02374pt x 247.92625pt>
File: program/1/figure/my-eps-converted-to.pdf Graphic file (type pdf)

<use program/1/figure/my-eps-converted-to.pdf>
Package pdftex.def Info: program/1/figure/my-eps-converted-to.pdf used on input
 line 70.
(pdftex.def)             Requested size: 274.02307pt x 247.92564pt.

Overfull \hbox (64.89624pt too wide) in paragraph at lines 70--71
 [][] 
 []

Package epstopdf Info: Source file: <program/1/figure/my-threshold.eps>
(epstopdf)                    date: 2015-10-08 23:12:52
(epstopdf)                    size: 11313 bytes
(epstopdf)             Output file: <program/1/figure/my-threshold-eps-converte
d-to.pdf>
(epstopdf)                    date: 2015-10-08 23:19:39
(epstopdf)                    size: 6002 bytes
(epstopdf)             Command: <epstopdf --outfile=program/1/figure/my-thresho
ld-eps-converted-to.pdf program/1/figure/my-threshold.eps>
(epstopdf)             \includegraphics on input line 76.
Package epstopdf Info: Output file is already uptodate.

<program/1/figure/my-threshold-eps-converted-to.pdf, id=6, 274.02374pt x 247.92
625pt>
File: program/1/figure/my-threshold-eps-converted-to.pdf Graphic file (type pdf
)
 <use program/1/figure/my-threshold-eps-converted-to.pdf>
Package pdftex.def Info: program/1/figure/my-threshold-eps-converted-to.pdf use
d on input line 76.
(pdftex.def)             Requested size: 274.02307pt x 247.92564pt.

Overfull \hbox (64.89624pt too wide) in paragraph at lines 76--77
 [][] 
 []


Overfull \hbox (2.2222pt too wide) in paragraph at lines 67--80
[]$[]$ $[]$ 
 []


LaTeX Warning: `h' float specifier changed to `ht'.

[1

{C:/ProgramData/MiKTeX/2.9/pdftex/config/pdftex.map} <C:/Users/liangy11/Documen
ts/homework2/homework2/program/1/figure/Hw2-2B-eps-converted-to.pdf> <C:/Users/
liangy11/Documents/homework2/homework2/program/1/figure/Hw2-2B-threshold-eps-co
nverted-to.pdf>] [2 <C:/Users/liangy11/Documents/homework2/homework2/program/1/
figure/Hw2-3A-eps-converted-to.pdf> <C:/Users/liangy11/Documents/homework2/home
work2/program/1/figure/Hw2-3A-threshold-eps-converted-to.pdf> <C:/Users/liangy1
1/Documents/homework2/homework2/program/1/figure/my-eps-converted-to.pdf> <C:/U
sers/liangy11/Documents/homework2/homework2/program/1/figure/my-threshold-eps-c
onverted-to.pdf>]
*geometry* verbose mode - [ newgeometry ] result:
* driver: pdftex
* paper: a4paper
* layout: <same size as paper>
* layoutoffset:(h,v)=(0.0pt,0.0pt)
* modes: 
* h-part:(L,W,R)=(5.69046pt, 502.19032pt, 89.62709pt)
* v-part:(T,H,B)=(101.40665pt, 591.5302pt, 152.11pt)
* \paperwidth=597.50787pt
* \paperheight=845.04684pt
* \textwidth=502.19032pt
* \textheight=591.5302pt
* \oddsidemargin=-66.57953pt
* \evensidemargin=-66.57953pt
* \topmargin=-7.86334pt
* \headheight=12.0pt
* \headsep=25.0pt
* \topskip=10.0pt
* \footskip=30.0pt
* \marginparwidth=57.0pt
* \marginparsep=11.0pt
* \columnsep=10.0pt
* \skip\footins=9.0pt plus 4.0pt minus 2.0pt
* \hoffset=0.0pt
* \voffset=0.0pt
* \mag=1000
* \@twocolumnfalse
* \@twosidefalse
* \@mparswitchfalse
* \@reversemarginfalse
* (1in=72.27pt=25.4mm, 1cm=28.453pt)


Overfull \hbox (45.64955pt too wide) in paragraph at lines 88--103
 [][][] 
 []


Overfull \hbox (55.64958pt too wide) in paragraph at lines 108--155
 [][][] 
 []


LaTeX Warning: `h' float specifier changed to `ht'.


Overfull \hbox (82.31635pt too wide) in paragraph at lines 160--173
 [][][] 
 []


LaTeX Warning: `h' float specifier changed to `ht'.

[3] [4]

LaTeX Warning: `h' float specifier changed to `ht'.


LaTeX Warning: `h' float specifier changed to `ht'.


LaTeX Warning: `h' float specifier changed to `ht'.


LaTeX Warning: `h' float specifier changed to `ht'.

[5


] [6] [7] (C:\Users\liangy11\Documents\homework2\homework2\homework2.aux) ) 
Here is how much of TeX's memory you used:
 3844 strings out of 493921
 59146 string characters out of 3144867
 163792 words of memory out of 3000000
 7091 multiletter control sequences out of 15000+200000
 8408 words of font info for 31 fonts, out of 3000000 for 9000
 841 hyphenation exceptions out of 8191
 42i,9n,38p,1358b,330s stack positions out of 5000i,500n,10000p,200000b,50000s
<C:/
Program Files (x86)/MiKTeX 2.9/fonts/type1/public/amsfonts/cm/cmbx12.pfb><C:/Pr
ogram Files (x86)/MiKTeX 2.9/fonts/type1/public/amsfonts/cm/cmmi7.pfb><C:/Progr
am Files (x86)/MiKTeX 2.9/fonts/type1/public/amsfonts/cm/cmr10.pfb><C:/Program 
Files (x86)/MiKTeX 2.9/fonts/type1/public/amsfonts/cm/cmr12.pfb><C:/Program Fil
es (x86)/MiKTeX 2.9/fonts/type1/public/amsfonts/cm/cmr17.pfb><C:/Program Files 
(x86)/MiKTeX 2.9/fonts/type1/public/amsfonts/cm/cmr7.pfb>
Output written on homework2.pdf (7 pages, 152322 bytes).
PDF statistics:
 78 PDF objects out of 1000 (max. 8388607)
 0 named destinations out of 1000 (max. 500000)
 31 words of extra memory for PDF output out of 10000 (max. 10000000)

