#
# An unexpected error has been detected by Java Runtime Environment:
#
#  EXCEPTION_ACCESS_VIOLATION (0xc0000005) at pc=0x79a82baf, pid=4480, tid=4484
#
# Java VM: Java HotSpot(TM) Client VM (10.0-b19 mixed mode windows-x86)
# Problematic frame:
# C  [mcr.dll+0x2baf]
#
# If you would like to submit a bug report, please visit:
#   http://java.sun.com/webapps/bugreport/crash.jsp
# The crash happened outside the Java Virtual Machine in native code.
# See problematic frame for where to report the bug.
#

---------------  T H R E A D  ---------------

Current thread (0x04febc00):  JavaThread "main" [_thread_in_native, id=4484, stack(0x00430000,0x00c30000)]

siginfo: ExceptionCode=0xc0000005, reading address 0x0000002c

Registers:
EAX=0x0000002c, EBX=0x00000001, ECX=0x06ae1c20, EDX=0x010b0048
ESP=0x00c2edf0, EBP=0x00c2ee04, ESI=0x06ae1c20, EDI=0x00000000
EIP=0x79a82baf, EFLAGS=0x00010202

Top of Stack: (sp=0x00c2edf0)
0x00c2edf0:   00000000 06ae1c20 00c2ee28 79ab0d91
0x00c2ee00:   ffffffff 00c2ee34 79aa998b 0000002c
0x00c2ee10:   7b3868de 00c2f368 00c2ee48 00c2ef48
0x00c2ee20:   00c2ef74 06ae1c20 00c2f38c 79ab33db
0x00c2ee30:   00000000 00c2ee48 79a81f6c 00000001
0x00c2ee40:   00000000 00000000 00c2f398 79aadaf9
0x00c2ee50:   01130228 00000001 7b3868de 00000000
0x00c2ee60:   00000000 00000000 00000002 00c2eed4 

Instructions: (pc=0x79a82baf)
0x79a82b9f:   00 50 64 89 25 00 00 00 00 51 8b 45 08 56 8b f1
0x79a82baf:   8b 08 89 0e 8b 50 04 89 56 04 8b 48 08 89 4e 08 


Stack: [0x00430000,0x00c30000],  sp=0x00c2edf0,  free space=8187k
Native frames: (J=compiled Java code, j=interpreted, Vv=VM code, C=native code)
C  [mcr.dll+0x2baf]
C  [mcr.dll+0x2998b]
C  [mcr.dll+0x1f6c]
C  [mcr.dll+0x2daf9]
C  [mcr.dll+0x2ddf7]
C  [m_dispatcher.dll+0x6dac]
C  [m_dispatcher.dll+0x6eb1]
C  [m_dispatcher.dll+0x3f6b]
C  [m_dispatcher.dll+0x6dac]
C  [m_dispatcher.dll+0x6eb1]
C  [m_interpreter.dll+0xa6fcd]
C  [m_interpreter.dll+0xa1da6]
C  [m_interpreter.dll+0x111f1]
C  [nativejmi.dll+0x27b2]
C  [nativejmi.dll+0x2f32]
C  [nativejmi.dll+0x29ea]
C  [nativejmi.dll+0x6ebd]
C  [nativejmi.dll+0x6f83]
v  ~BufferBlob::Interpreter
v  ~BufferBlob::Interpreter
v  ~BufferBlob::Interpreter
v  ~BufferBlob::Interpreter
v  ~BufferBlob::Interpreter
v  ~BufferBlob::Interpreter
v  ~BufferBlob::StubRoutines (1)

Java frames: (J=compiled Java code, j=interpreted, Vv=VM code)
v  ~BufferBlob::Interpreter
v  ~BufferBlob::Interpreter
v  ~BufferBlob::Interpreter
v  ~BufferBlob::Interpreter
v  ~BufferBlob::Interpreter
v  ~BufferBlob::Interpreter
v  ~BufferBlob::StubRoutines (1)

---------------  P R O C E S S  ---------------

Java Threads: ( => current thread )
  0x0be72400 JavaThread "Timer-6" daemon [_thread_blocked, id=4636, stack(0x0d4a0000,0x0d520000)]
  0x0be72000 JavaThread "Timer-1" [_thread_blocked, id=4608, stack(0x0d0c0000,0x0d140000)]
  0x0bbd0400 JavaThread "TimerQueue" daemon [_thread_blocked, id=4596, stack(0x0ce30000,0x0ceb0000)]
  0x0bbcc800 JavaThread "AWT-EventQueue-0" [_thread_blocked, id=4592, stack(0x0cd70000,0x0cdf0000)]
  0x0bb93800 JavaThread "Image Fetcher 2" daemon [_thread_blocked, id=4588, stack(0x0ccb0000,0x0cd30000)]
  0x0bb93400 JavaThread "Image Fetcher 3" daemon [_thread_blocked, id=4584, stack(0x0cc30000,0x0ccb0000)]
  0x0bafe400 JavaThread "Image Fetcher 1" daemon [_thread_blocked, id=4580, stack(0x0c3d0000,0x0c450000)]
  0x0bb56c00 JavaThread "AWT-Windows" daemon [_thread_in_native, id=4576, stack(0x0c310000,0x0c390000)]
  0x0bafc000 JavaThread "AWT-Shutdown" [_thread_blocked, id=4572, stack(0x0c250000,0x0c2d0000)]
  0x0bafbc00 JavaThread "Java2D Disposer" daemon [_thread_blocked, id=4568, stack(0x0c190000,0x0c210000)]
  0x0b2fac00 JavaThread "Timer-0" [_thread_blocked, id=4564, stack(0x0b480000,0x0b500000)]
  0x0b27a400 JavaThread "JMI Unnamed Thread" [_thread_in_native, id=4512, stack(0x046c0000,0x04ec0000)]
  0x07250400 JavaThread "Low Memory Detector" daemon [_thread_blocked, id=4556, stack(0x0a980000,0x0aa00000)]
  0x0724bc00 JavaThread "CompilerThread0" daemon [_thread_blocked, id=4552, stack(0x0a140000,0x0a940000)]
  0x0724b400 JavaThread "Attach Listener" daemon [_thread_blocked, id=4548, stack(0x0a080000,0x0a100000)]
  0x07223000 JavaThread "Finalizer" daemon [_thread_blocked, id=4544, stack(0x09fc0000,0x0a040000)]
  0x07222000 JavaThread "Reference Handler" daemon [_thread_blocked, id=4540, stack(0x09f00000,0x09f80000)]
=>0x04febc00 JavaThread "main" [_thread_in_native, id=4484, stack(0x00430000,0x00c30000)]

Other Threads:
  0x0721d000 VMThread [stack: 0x09700000,0x09f00000] [id=4536]
  0x07262c00 WatcherThread [stack: 0x0aa40000,0x0b240000] [id=4560]

VM state:not at safepoint (normal execution)

VM Mutex/Monitor currently owned by a thread: None

Heap
 def new generation   total 14784K, used 9325K [0x10010000, 0x11010000, 0x12010000)
  eden space 13184K,  61% used [0x10010000, 0x1080a410, 0x10cf0000)
  from space 1600K,  72% used [0x10e80000, 0x10fa1220, 0x11010000)
  to   space 1600K,   0% used [0x10cf0000, 0x10cf0000, 0x10e80000)
 tenured generation   total 49152K, used 14620K [0x12010000, 0x15010000, 0x18010000)
   the space 49152K,  29% used [0x12010000, 0x12e57288, 0x12e57400, 0x15010000)
 compacting perm gen  total 32768K, used 21861K [0x18010000, 0x1a010000, 0x1c010000)
   the space 32768K,  66% used [0x18010000, 0x195694b8, 0x19569600, 0x1a010000)
No shared spaces configured.

Dynamic libraries:
0x00400000 - 0x0042f000 	D:\Program Files (x86)\MATLAB\R2009a\bin\win32\matlab.exe
0x77400000 - 0x77580000 	C:\Windows\SysWOW64\ntdll.dll
0x75e90000 - 0x75fa0000 	C:\Windows\syswow64\kernel32.dll
0x763b0000 - 0x763f7000 	C:\Windows\syswow64\KERNELBASE.dll
0x7b280000 - 0x7b34a000 	D:\Program Files (x86)\MATLAB\R2009a\bin\win32\libut.dll
0x76700000 - 0x7672b000 	C:\Windows\syswow64\imagehlp.dll
0x768d0000 - 0x7697c000 	C:\Windows\syswow64\msvcrt.dll
0x76660000 - 0x76700000 	C:\Windows\syswow64\ADVAPI32.dll
0x74b60000 - 0x74b79000 	C:\Windows\SysWOW64\sechost.dll
0x76730000 - 0x76820000 	C:\Windows\syswow64\RPCRT4.dll
0x749c0000 - 0x74a20000 	C:\Windows\syswow64\SspiCli.dll
0x749b0000 - 0x749bc000 	C:\Windows\syswow64\CRYPTBASE.dll
0x768c0000 - 0x768c5000 	C:\Windows\syswow64\PSAPI.DLL
0x7bba0000 - 0x7bbbf000 	D:\Program Files (x86)\MATLAB\R2009a\bin\win32\LIBEXPAT.dll
0x6e4c0000 - 0x6e55b000 	C:\Windows\WinSxS\x86_microsoft.vc80.crt_1fc8b3b9a1e18e3b_8.0.50727.6195_none_d09154e044272b9a\MSVCR80.dll
0x7b6b0000 - 0x7b791000 	D:\Program Files (x86)\MATLAB\R2009a\bin\win32\icuuc38.dll
0x7ad90000 - 0x7ad94000 	D:\Program Files (x86)\MATLAB\R2009a\bin\win32\icudt38.dll
0x7ada0000 - 0x7adac000 	D:\Program Files (x86)\MATLAB\R2009a\bin\win32\icuio38.dll
0x7afe0000 - 0x7b0c4000 	D:\Program Files (x86)\MATLAB\R2009a\bin\win32\icuin38.dll
0x6e960000 - 0x6e9e7000 	C:\Windows\WinSxS\x86_microsoft.vc80.crt_1fc8b3b9a1e18e3b_8.0.50727.6195_none_d09154e044272b9a\MSVCP80.dll
0x74a20000 - 0x74b20000 	C:\Windows\syswow64\USER32.dll
0x765d0000 - 0x76660000 	C:\Windows\syswow64\GDI32.dll
0x76260000 - 0x7626a000 	C:\Windows\syswow64\LPK.dll
0x76530000 - 0x765cd000 	C:\Windows\syswow64\USP10.dll
0x782e0000 - 0x78317000 	D:\Program Files (x86)\MATLAB\R2009a\bin\win32\libmwfl.dll
0x10000000 - 0x1000e000 	D:\Program Files (x86)\MATLAB\R2009a\bin\win32\boost_date_time-vc80-mt-1_36.dll
0x00300000 - 0x00310000 	D:\Program Files (x86)\MATLAB\R2009a\bin\win32\boost_signals-vc80-mt-1_36.dll
0x00320000 - 0x00327000 	D:\Program Files (x86)\MATLAB\R2009a\bin\win32\boost_system-vc80-mt-1_36.dll
0x00340000 - 0x0034c000 	D:\Program Files (x86)\MATLAB\R2009a\bin\win32\boost_thread-vc80-mt-1_36.dll
0x7b3b0000 - 0x7b59a000 	D:\Program Files (x86)\MATLAB\R2009a\bin\win32\libmwservices.dll
0x7b350000 - 0x7b3aa000 	D:\Program Files (x86)\MATLAB\R2009a\bin\win32\libmx.dll
0x787a0000 - 0x787b3000 	D:\Program Files (x86)\MATLAB\R2009a\bin\win32\zlib1.dll
0x7b5a0000 - 0x7b6af000 	D:\Program Files (x86)\MATLAB\R2009a\bin\win32\libmwmathutil.dll
0x79510000 - 0x79543000 	D:\Program Files (x86)\MATLAB\R2009a\bin\win32\mpath.dll
0x6fef0000 - 0x6ff1f000 	D:\Program Files (x86)\MATLAB\R2009a\bin\win32\mlutil.dll
0x003b0000 - 0x003e9000 	D:\Program Files (x86)\MATLAB\R2009a\bin\win32\tbb.dll
0x736f0000 - 0x73774000 	C:\Windows\WinSxS\x86_microsoft.windows.common-controls_6595b64144ccf1df_5.82.7601.18837_none_ec86b8d6858ec0bc\COMCTL32.dll
0x761e0000 - 0x7625b000 	C:\Windows\syswow64\comdlg32.dll
0x76ca0000 - 0x76cf7000 	C:\Windows\syswow64\SHLWAPI.dll
0x74b80000 - 0x757cb000 	C:\Windows\syswow64\SHELL32.dll
0x73260000 - 0x73271000 	C:\Windows\system32\NETAPI32.dll
0x73250000 - 0x73259000 	C:\Windows\system32\netutils.dll
0x73230000 - 0x73249000 	C:\Windows\system32\srvcli.dll
0x73220000 - 0x7322f000 	C:\Windows\system32\wkscli.dll
0x76880000 - 0x768b5000 	C:\Windows\syswow64\WS2_32.dll
0x763a0000 - 0x763a6000 	C:\Windows\syswow64\NSI.dll
0x79a80000 - 0x79ad3000 	D:\Program Files (x86)\MATLAB\R2009a\bin\win32\mcr.dll
0x7adb0000 - 0x7adeb000 	D:\Program Files (x86)\MATLAB\R2009a\bin\win32\iqm.dll
0x7a080000 - 0x7a558000 	D:\Program Files (x86)\MATLAB\R2009a\bin\win32\m_interpreter.dll
0x7ae00000 - 0x7ae0c000 	D:\Program Files (x86)\MATLAB\R2009a\bin\win32\libmex.dll
0x79960000 - 0x799b7000 	D:\Program Files (x86)\MATLAB\R2009a\bin\win32\m_dispatcher.dll
0x78670000 - 0x7868c000 	D:\Program Files (x86)\MATLAB\R2009a\bin\win32\datasvcs.dll
0x78df0000 - 0x78fb2000 	D:\Program Files (x86)\MATLAB\R2009a\bin\win32\xerces-c_2_7.dll
0x00c90000 - 0x00d2d000 	D:\Program Files (x86)\MATLAB\R2009a\bin\win32\boost_regex-vc80-mt-1_36.dll
0x79870000 - 0x798c7000 	D:\Program Files (x86)\MATLAB\R2009a\bin\win32\profiler.dll
0x7ae60000 - 0x7ae7e000 	D:\Program Files (x86)\MATLAB\R2009a\bin\win32\libmwmathrng.dll
0x78720000 - 0x78732000 	D:\Program Files (x86)\MATLAB\R2009a\bin\win32\m_pcodeio.dll
0x794d0000 - 0x79507000 	D:\Program Files (x86)\MATLAB\R2009a\bin\win32\m_ir.dll
0x79b60000 - 0x7a077000 	D:\Program Files (x86)\MATLAB\R2009a\bin\win32\m_parser.dll
0x7adf0000 - 0x7adfe000 	D:\Program Files (x86)\MATLAB\R2009a\bin\win32\ir_xfmr.dll
0x78320000 - 0x78468000 	D:\Program Files (x86)\MATLAB\R2009a\bin\win32\mcos.dll
0x7aea0000 - 0x7aeaa000 	D:\Program Files (x86)\MATLAB\R2009a\bin\win32\mtok.dll
0x78700000 - 0x78716000 	D:\Program Files (x86)\MATLAB\R2009a\bin\win32\m_pcodegen.dll
0x78650000 - 0x7866b000 	D:\Program Files (x86)\MATLAB\R2009a\bin\win32\bridge.dll
0x7aae0000 - 0x7ab64000 	D:\Program Files (x86)\MATLAB\R2009a\bin\win32\udd.dll
0x7b7a0000 - 0x7b89b000 	D:\Program Files (x86)\MATLAB\R2009a\bin\win32\libmwgui.dll
0x78800000 - 0x789f1000 	D:\Program Files (x86)\MATLAB\R2009a\bin\win32\hg.dll
0x78690000 - 0x786b2000 	D:\Program Files (x86)\MATLAB\R2009a\bin\win32\libmat.dll
0x7b0d0000 - 0x7b275000 	D:\Program Files (x86)\MATLAB\R2009a\bin\win32\libhdf5.dll
0x793e0000 - 0x7941e000 	D:\Program Files (x86)\MATLAB\R2009a\bin\win32\jmi.dll
0x790f0000 - 0x7911c000 	D:\Program Files (x86)\MATLAB\R2009a\bin\win32\libmwhardcopy.dll
0x79490000 - 0x794c7000 	D:\Program Files (x86)\MATLAB\R2009a\bin\win32\libuij.dll
0x78d50000 - 0x78de5000 	D:\Program Files (x86)\MATLAB\R2009a\bin\win32\libmwmathlinalg.dll
0x78a60000 - 0x78d42000 	D:\Program Files (x86)\MATLAB\R2009a\bin\win32\libmwmathelem.dll
0x78a00000 - 0x78a52000 	D:\Program Files (x86)\MATLAB\R2009a\bin\win32\libmwmathcore.dll
0x798d0000 - 0x79917000 	D:\Program Files (x86)\MATLAB\R2009a\bin\win32\libmwcholmod.dll
0x7ae10000 - 0x7ae1a000 	D:\Program Files (x86)\MATLAB\R2009a\bin\win32\libmwamd.dll
0x7ae40000 - 0x7ae49000 	D:\Program Files (x86)\MATLAB\R2009a\bin\win32\libmwcolamd.dll
0x7ae30000 - 0x7ae3d000 	D:\Program Files (x86)\MATLAB\R2009a\bin\win32\libmwblas.dll
0x7ae20000 - 0x7ae2c000 	D:\Program Files (x86)\MATLAB\R2009a\bin\win32\libmwbinder.dll
0x786c0000 - 0x786f8000 	D:\Program Files (x86)\MATLAB\R2009a\bin\win32\libmwlapack.dll
0x6feb0000 - 0x6fee5000 	D:\Program Files (x86)\MATLAB\R2009a\bin\win32\libmwrookfastbp.dll
0x79120000 - 0x7915c000 	D:\Program Files (x86)\MATLAB\R2009a\bin\win32\libmwma57.dll
0x7aef0000 - 0x7afd9000 	D:\Program Files (x86)\MATLAB\R2009a\bin\win32\libifcoremd.dll
0x79550000 - 0x79813000 	D:\Program Files (x86)\MATLAB\R2009a\bin\win32\libmmd.dll
0x7ae50000 - 0x7ae5c000 	D:\Program Files (x86)\MATLAB\R2009a\bin\win32\libmwcsparse.dll
0x79a20000 - 0x79a73000 	D:\Program Files (x86)\MATLAB\R2009a\bin\win32\libmwumfpack.dll
0x00f30000 - 0x00fd7000 	D:\Program Files (x86)\MATLAB\R2009a\bin\win32\hgdatatypes.dll
0x7ab70000 - 0x7ad89000 	D:\Program Files (x86)\MATLAB\R2009a\bin\win32\uiw.dll
0x7aee0000 - 0x7aee9000 	D:\Program Files (x86)\MATLAB\R2009a\bin\win32\uinone.dll
0x6e3b0000 - 0x6e4bf000 	C:\Windows\WinSxS\x86_microsoft.vc80.mfc_1fc8b3b9a1e18e3b_8.0.50727.762_none_0c178a139ee2a7ed\MFC80.DLL
0x730d0000 - 0x73121000 	C:\Windows\system32\WINSPOOL.DRV
0x75960000 - 0x75abc000 	C:\Windows\syswow64\ole32.dll
0x75e00000 - 0x75e8f000 	C:\Windows\syswow64\OLEAUT32.dll
0x79ae0000 - 0x79b55000 	D:\Program Files (x86)\MATLAB\R2009a\bin\win32\udd_mi.dll
0x78740000 - 0x78753000 	D:\Program Files (x86)\MATLAB\R2009a\bin\win32\mwoles05.DLL
0x79820000 - 0x79864000 	D:\Program Files (x86)\MATLAB\R2009a\bin\win32\comcli.dll
0x6ea10000 - 0x6ea2b000 	C:\Windows\WinSxS\x86_microsoft.vc80.atl_1fc8b3b9a1e18e3b_8.0.50727.4053_none_d1c738ec43578ea1\ATL80.DLL
0x7ae90000 - 0x7ae9b000 	D:\Program Files (x86)\MATLAB\R2009a\bin\win32\mlautoregister.dll
0x76820000 - 0x76880000 	C:\Windows\system32\IMM32.DLL
0x75890000 - 0x7595c000 	C:\Windows\syswow64\MSCTF.dll
0x6ea80000 - 0x6ea8a000 	C:\Windows\WinSxS\x86_microsoft.vc80.mfcloc_1fc8b3b9a1e18e3b_8.0.50727.762_none_43efccf17831d131\MFC80CHS.DLL
0x70cb0000 - 0x70d30000 	C:\Windows\system32\uxtheme.dll
0x73370000 - 0x7337b000 	C:\Windows\system32\profapi.dll
0x73020000 - 0x7303c000 	C:\Windows\system32\iphlpapi.dll
0x73010000 - 0x73017000 	C:\Windows\system32\WINNSI.DLL
0x72cd0000 - 0x72d14000 	C:\Windows\system32\DNSAPI.dll
0x72d80000 - 0x72d92000 	C:\Windows\system32\dhcpcsvc.DLL
0x72b30000 - 0x72b3d000 	C:\Windows\system32\dhcpcsvc6.DLL
0x6ea70000 - 0x6ea73000 	C:\Windows\system32\icmp.Dll
0x79190000 - 0x793e0000 	D:\Program Files (x86)\MATLAB\R2009a\sys\java\jre\win32\jre\bin\client\jvm.dll
0x74b20000 - 0x74b52000 	C:\Windows\syswow64\WINMM.dll
0x6ffa0000 - 0x6fff6000 	D:\Program Files (x86)\MATLAB\R2009a\bin\win32\MSVCR71.dll
0x70ea0000 - 0x70eec000 	C:\Windows\system32\apphelp.dll
0x73130000 - 0x7321b000 	C:\Windows\syswow64\dbghelp.dll
0x79920000 - 0x79928000 	D:\Program Files (x86)\MATLAB\R2009a\sys\java\jre\win32\jre\bin\hpi.dll
0x79940000 - 0x7994c000 	D:\Program Files (x86)\MATLAB\R2009a\sys\java\jre\win32\jre\bin\verify.dll
0x787c0000 - 0x787df000 	D:\Program Files (x86)\MATLAB\R2009a\sys\java\jre\win32\jre\bin\java.dll
0x79950000 - 0x7995f000 	D:\Program Files (x86)\MATLAB\R2009a\sys\java\jre\win32\jre\bin\zip.dll
0x78760000 - 0x78778000 	D:\Program Files (x86)\MATLAB\R2009a\bin\win32\nativejava.dll
0x78780000 - 0x7879d000 	D:\Program Files (x86)\MATLAB\R2009a\bin\win32\nativejmi.dll
0x7aed0000 - 0x7aed6000 	D:\Program Files (x86)\MATLAB\R2009a\bin\win32\nativeservices.dll
0x78fc0000 - 0x790ee000 	D:\Program Files (x86)\MATLAB\R2009a\sys\java\jre\win32\jre\bin\awt.dll
0x76180000 - 0x76193000 	C:\Windows\syswow64\dwmapi.dll
0x799c0000 - 0x79a13000 	D:\Program Files (x86)\MATLAB\R2009a\sys\java\jre\win32\jre\bin\fontmanager.dll
0x787e0000 - 0x787f3000 	D:\Program Files (x86)\MATLAB\R2009a\sys\java\jre\win32\jre\bin\net.dll
0x72af0000 - 0x72b2c000 	C:\Windows\system32\mswsock.dll
0x746b0000 - 0x746b6000 	C:\Windows\System32\wship6.dll

VM Arguments:
jvm_args: -Xss512k -XX:PermSize=32m -Xms64m -XX:NewRatio=3 -XX:MaxPermSize=64m -Xmx128m -XX:MaxDirectMemorySize=1200000000 -Dsun.java2d.noddraw=true -Dsun.awt.nopixfmt=true -Xshare:off -Xrs -Djava.library.path=D:\Program Files (x86)\MATLAB\R2009a\bin\win32 vfprintf abort 
java_command: <unknown>
Launcher Type: generic

Environment Variables:
PATH=C:\Windows\system32;C:\Windows;C:\Windows\System32\Wbem;C:\Windows\System32\WindowsPowerShell\v1.0\;D:\Program Files\Vim\ctags58;D:\Program Files (x86)\MiKTeX 2.9\miktex\bin\;D:\Program Files (x86)\MATLAB\R2009a\bin;D:\Program Files (x86)\MATLAB\R2009a\bin\win32;C:\Program Files (x86)\Skype\Phone\
USERNAME=Fat
OS=Windows_NT
PROCESSOR_IDENTIFIER=Intel64 Family 6 Model 23 Stepping 6, GenuineIntel



---------------  S Y S T E M  ---------------

OS: Windows NT 6.1 Build 7601 Service Pack 1

CPU:total 2 (2 cores per cpu, 1 threads per core) family 6 model 7 stepping 6, cmov, cx8, fxsr, mmx, sse, sse2, sse3, ssse3

Memory: 4k page, physical 3086360k(1564680k free), swap 4194303k(4194303k free)

vm_info: Java HotSpot(TM) Client VM (10.0-b19) for windows-x86 JRE (1.6.0_04-b12), built on Dec 14 2007 00:51:20 by "java_re" with MS VC++ 7.1

time: Mon Oct 05 20:57:33 2015
elapsed time: 5 seconds

